Arguments: 
  C:\Program Files\nodejs\node.exe C:\Program Files (x86)\Yarn\bin\yarn.js add nodemon

PATH: 
  C:\Windows\system32;C:\Windows;C:\Windows\System32\Wbem;C:\Windows\System32\WindowsPowerShell\v1.0\;C:\Windows\System32\OpenSSH\;C:\Program Files (x86)\NVIDIA Corporation\PhysX\Common;C:\Program Files\NVIDIA Corporation\NVIDIA NvDLISR;C:\Program Files\Git\cmd;C:\ProgramData\chocolatey\bin;C:\Program Files\nodejs\;C:\Program Files (x86)\Yarn\bin\;D:\Programas\MongoDB\bin;C:\Program Files\Java\jdk1.8.0_211\bin;C:\Program Files\dotnet\;C:\WINDOWS\system32;C:\WINDOWS;C:\WINDOWS\System32\Wbem;C:\WINDOWS\System32\WindowsPowerShell\v1.0\;C:\WINDOWS\System32\OpenSSH\;C:\Users\ivanf\anaconda3;C:\Users\ivanf\anaconda3\Library\mingw-w64\bin;C:\Users\ivanf\anaconda3\Library\usr\bin;C:\Users\ivanf\anaconda3\Library\bin;C:\Users\ivanf\anaconda3\Scripts;C:\Users\ivanf\AppData\Local\Microsoft\WindowsApps;C:\Users\ivanf\AppData\Local\Programs\Microsoft VS Code\bin;C:\MinGW\bin;C:\Users\ivanf\AppData\Roaming\npm;C:\Users\ivanf\AppData\Local\Yarn\bin;C:\Users\ivanf\AppData\Local\GitHubDesktop\bin;D:\Programas\Genymotion\tools;C:\Users\ivanf\AppData\Local\Julia-1.3.0\bin\julia.exe;D:\Programas\heroku\bin;D:\Programas\IntelliJ\IntelliJ IDEA Community Edition 2021.1\bin;;C:\flutter\bin;

Yarn version: 
  1.22.4

Node version: 
  12.18.3

Platform: 
  win32 x64

Trace: 
  Error: getaddrinfo EAI_AGAIN registry.yarnpkg.com
      at GetAddrInfoReqWrap.onlookup [as oncomplete] (dns.js:66:26)

npm manifest: 
  {
    "name": "chatbot-fit",
    "version": "1.0.0",
    "main": "index.js",
    "repository": "https://github.com/ivanferreirajr/chatbot-fit.git",
    "author": "ivanferreirajr <ivan.junior@dcomp.ufs.br>",
    "license": "MIT",
    "scripts": {
      "dev": "nodemon src/index.js",
      "start": "node src/index.js"
    }
  }

yarn manifest: 
  No manifest

Lockfile: 
  No lockfile
